Arguments: 
  /home/c_i__a/.nvm/versions/node/v21.1.0/bin/node /home/c_i__a/.cache/node/corepack/yarn/1.22.19/bin/yarn.js add expo

PATH: 
  /home/c_i__a/.nvm/versions/node/v21.1.0/bin:/usr/local/sbin:/usr/sbin:/sbin:/usr/local/bin:/usr/bin:/bin:/usr/local/games:/usr/games:/snap/bin:/home/c_i__a/.dotnet/tools:/home/c_i__a/Android/Sdk/emulator:/home/c_i__a/Android/Sdk/platform-tools:/home/c_i__a/.pub-cache/bin:/home/c_i__a/Android/Sdk/emulator:/home/c_i__a/Android/Sdk/platform-tools:/home/c_i__a/.pub-cache/bin

Yarn version: 
  1.22.19

Node version: 
  21.1.0

Platform: 
  linux x64

Trace: 
  Error: 00384746D17F0000:error:1C800066:Provider routines:ossl_gcm_stream_update:cipher operation failed:../deps/openssl/openssl/providers/implementations/ciphers/ciphercommon_gcm.c:320:

npm manifest: 
  {
    "name": "frontend",
    "version": "1.0.0",
    "main": "node_modules/expo/AppEntry.js",
    "scripts": {
      "start": "expo start",
      "android": "expo start --android",
      "ios": "expo start --ios",
      "web": "expo start --web"
    },
    "dependencies": {
      "@expo/webpack-config": "^18.0.1",
      "@fortawesome/fontawesome-free": "^6.4.2",
      "@fortawesome/react-native-fontawesome": "^0.3.0",
      "@gorhom/bottom-sheet": "^4.5.1",
      "@react-native-async-storage/async-storage": "1.17.11",
      "@react-navigation/bottom-tabs": "^6.5.8",
      "@react-navigation/native": "^6.1.7",
      "@react-navigation/native-stack": "^6.9.13",
      "@stripe/stripe-react-native": "0.23.3",
      "axios": "^1.4.0",
      "expo": "~48.0.18",
      "expo-font": "~11.1.1",
      "expo-location": "~15.1.1",
      "expo-secure-store": "~12.1.1",
      "expo-splash-screen": "^0.18.2",
      "expo-status-bar": "~1.4.4",
      "react": "18.2.0",
      "react-native": "0.71.13",
      "react-native-gesture-handler": "~2.9.0",
      "react-native-google-places-autocomplete": "^2.5.6",
      "react-native-image-slider-box": "^2.0.7",
      "react-native-reanimated": "^3.5.4",
      "react-native-safe-area-context": "4.5.0",
      "react-native-screens": "~3.20.0",
      "react-native-snap-carousel": "^4.0.0-beta.6",
      "react-native-web": "~0.18.10",
      "react-native-webview": "11.26.0"
    },
    "devDependencies": {
      "@babel/core": "^7.20.0"
    },
    "private": true
  }

yarn manifest: 
  No manifest

Lockfile: 
  No lockfile
